<?xml version="1.0" encoding="UTF-8"?>
<!-- Generated by org.testng.reporters.JUnitReportReporter -->
<testsuite hostname="DESKTOP-VH17A9B" failures="0" tests="1" name="shwapno.shwapno.shwapno" time="29.978" errors="0" timestamp="14 Feb 2021 05:52:58 GMT" skipped="0">
  <testcase classname="shwapno.shwapno.shwapno" name="testshwapno" time="29.978"/>
</testsuite> <!-- shwapno.shwapno.shwapno -->
